2019-11-19T08:57:07.551605Z 0 [Warning] [MY-010915] [Server] 'NO_ZERO_DATE', 'NO_ZERO_IN_DATE' and 'ERROR_FOR_DIVISION_BY_ZERO' sql modes should be used with strict mode. They will be merged with strict mode in a future release.
2019-11-19T08:57:07.551747Z 0 [System] [MY-010116] [Server] K:\MyProjects\AlnProject\mysql\mysql-8.0.18-winx64\bin\mysqld.exe (mysqld 8.0.18) starting as process 11808
2019-11-19T08:57:11.085930Z 0 [Warning] [MY-010068] [Server] CA certificate ca.pem is self signed.
2019-11-19T08:57:11.300995Z 0 [System] [MY-010931] [Server] K:\MyProjects\AlnProject\mysql\mysql-8.0.18-winx64\bin\mysqld.exe: ready for connections. Version: '8.0.18'  socket: ''  port: 55555  MySQL Community Server - GPL.
2019-11-19T08:57:11.354272Z 0 [System] [MY-011323] [Server] X Plugin ready for connections. Bind-address: '::' port: 33060
2019-11-19T09:06:44.659317Z 0 [Warning] [MY-010915] [Server] 'NO_ZERO_DATE', 'NO_ZERO_IN_DATE' and 'ERROR_FOR_DIVISION_BY_ZERO' sql modes should be used with strict mode. They will be merged with strict mode in a future release.
2019-11-19T09:06:44.659413Z 0 [System] [MY-010116] [Server] K:\MyProjects\AlnProject\mysql\mysql-8.0.18-winx64\bin\mysqld.exe (mysqld 8.0.18) starting as process 11060
2019-11-19T09:06:46.653353Z 0 [System] [MY-010229] [Server] Starting crash recovery...
2019-11-19T09:06:46.663214Z 0 [System] [MY-010232] [Server] Crash recovery finished.
2019-11-19T09:06:46.987250Z 0 [Warning] [MY-010068] [Server] CA certificate ca.pem is self signed.
2019-11-19T09:06:47.028392Z 0 [System] [MY-010931] [Server] K:\MyProjects\AlnProject\mysql\mysql-8.0.18-winx64\bin\mysqld.exe: ready for connections. Version: '8.0.18'  socket: ''  port: 55555  MySQL Community Server - GPL.
2019-11-19T09:06:47.068434Z 0 [System] [MY-011323] [Server] X Plugin ready for connections. Bind-address: '::' port: 33060
2019-11-19T09:16:08.429646Z 0 [Warning] [MY-010915] [Server] 'NO_ZERO_DATE', 'NO_ZERO_IN_DATE' and 'ERROR_FOR_DIVISION_BY_ZERO' sql modes should be used with strict mode. They will be merged with strict mode in a future release.
2019-11-19T09:16:08.429734Z 0 [System] [MY-010116] [Server] K:\MyProjects\AlnProject\mysql\mysql-8.0.18-winx64\bin\mysqld.exe (mysqld 8.0.18) starting as process 15496
2019-11-19T09:16:11.442101Z 0 [System] [MY-010229] [Server] Starting crash recovery...
2019-11-19T09:16:11.450943Z 0 [System] [MY-010232] [Server] Crash recovery finished.
2019-11-19T09:16:11.751199Z 0 [Warning] [MY-010068] [Server] CA certificate ca.pem is self signed.
2019-11-19T09:16:11.878057Z 0 [System] [MY-010931] [Server] K:\MyProjects\AlnProject\mysql\mysql-8.0.18-winx64\bin\mysqld.exe: ready for connections. Version: '8.0.18'  socket: ''  port: 55555  MySQL Community Server - GPL.
2019-11-19T09:16:12.084705Z 0 [System] [MY-011323] [Server] X Plugin ready for connections. Bind-address: '::' port: 33060
2019-11-19T09:42:54.970520Z 0 [ERROR] [MY-010083] [Server] --verbose is for use with --help; did you mean --log-error-verbosity?
2019-11-19T09:42:54.970541Z 0 [Warning] [MY-010915] [Server] 'NO_ZERO_DATE', 'NO_ZERO_IN_DATE' and 'ERROR_FOR_DIVISION_BY_ZERO' sql modes should be used with strict mode. They will be merged with strict mode in a future release.
2019-11-19T09:42:54.970629Z 0 [System] [MY-010116] [Server] K:\MyProjects\AlnProject\mysql\mysql-8.0.18-winx64\bin\mysqld.exe (mysqld 8.0.18) starting as process 20448
2019-11-19T09:42:56.965271Z 0 [System] [MY-010229] [Server] Starting crash recovery...
2019-11-19T09:42:56.973621Z 0 [System] [MY-010232] [Server] Crash recovery finished.
2019-11-19T09:42:57.348357Z 0 [Warning] [MY-010068] [Server] CA certificate ca.pem is self signed.
2019-11-19T09:42:57.379754Z 0 [System] [MY-010931] [Server] K:\MyProjects\AlnProject\mysql\mysql-8.0.18-winx64\bin\mysqld.exe: ready for connections. Version: '8.0.18'  socket: ''  port: 55555  MySQL Community Server - GPL.
2019-11-19T09:42:57.598038Z 0 [System] [MY-011323] [Server] X Plugin ready for connections. Bind-address: '::' port: 33060
2019-11-19T10:03:17.659746Z 0 [Warning] [MY-010915] [Server] 'NO_ZERO_DATE', 'NO_ZERO_IN_DATE' and 'ERROR_FOR_DIVISION_BY_ZERO' sql modes should be used with strict mode. They will be merged with strict mode in a future release.
2019-11-19T10:03:17.659838Z 0 [System] [MY-010116] [Server] K:\MyProjects\AlnProject\mysql\mysql-8.0.18-winx64\bin\mysqld.exe (mysqld 8.0.18) starting as process 11528
2019-11-19T10:03:19.607702Z 0 [System] [MY-010229] [Server] Starting crash recovery...
2019-11-19T10:03:19.616091Z 0 [System] [MY-010232] [Server] Crash recovery finished.
2019-11-19T10:03:20.034312Z 0 [Warning] [MY-010068] [Server] CA certificate ca.pem is self signed.
2019-11-19T10:03:20.065882Z 0 [System] [MY-010931] [Server] K:\MyProjects\AlnProject\mysql\mysql-8.0.18-winx64\bin\mysqld.exe: ready for connections. Version: '8.0.18'  socket: ''  port: 3306  MySQL Community Server - GPL.
2019-11-19T10:03:20.291442Z 0 [System] [MY-011323] [Server] X Plugin ready for connections. Bind-address: '::' port: 33060
2019-12-27T22:51:10.554881Z 0 [Warning] [MY-010915] [Server] 'NO_ZERO_DATE', 'NO_ZERO_IN_DATE' and 'ERROR_FOR_DIVISION_BY_ZERO' sql modes should be used with strict mode. They will be merged with strict mode in a future release.
2019-12-27T22:51:10.555004Z 0 [System] [MY-010116] [Server] K:\MyProjects\AlnProject\mysql\mysql-8.0.18-winx64\bin\mysqld.exe (mysqld 8.0.18) starting as process 14684
2019-12-27T22:51:13.024686Z 0 [System] [MY-010229] [Server] Starting crash recovery...
2019-12-27T22:51:13.033892Z 0 [System] [MY-010232] [Server] Crash recovery finished.
2019-12-27T22:51:13.805913Z 0 [Warning] [MY-010068] [Server] CA certificate ca.pem is self signed.
2019-12-27T22:51:13.921618Z 0 [System] [MY-010931] [Server] K:\MyProjects\AlnProject\mysql\mysql-8.0.18-winx64\bin\mysqld.exe: ready for connections. Version: '8.0.18'  socket: ''  port: 3306  MySQL Community Server - GPL.
2019-12-27T22:51:14.124913Z 0 [System] [MY-011323] [Server] X Plugin ready for connections. Bind-address: '::' port: 33060
2019-12-27T22:51:39.482450Z 0 [ERROR] [MY-010083] [Server] --verbose is for use with --help; did you mean --log-error-verbosity?
2019-12-27T22:51:39.482469Z 0 [Warning] [MY-010915] [Server] 'NO_ZERO_DATE', 'NO_ZERO_IN_DATE' and 'ERROR_FOR_DIVISION_BY_ZERO' sql modes should be used with strict mode. They will be merged with strict mode in a future release.
2019-12-27T22:51:39.482548Z 0 [System] [MY-010116] [Server] K:\MyProjects\AlnProject\mysql\mysql-8.0.18-winx64\bin\mysqld.exe (mysqld 8.0.18) starting as process 22908
2019-12-27T22:51:41.625877Z 0 [System] [MY-010229] [Server] Starting crash recovery...
2019-12-27T22:51:41.633913Z 0 [System] [MY-010232] [Server] Crash recovery finished.
2019-12-27T22:51:42.042963Z 0 [Warning] [MY-010068] [Server] CA certificate ca.pem is self signed.
2019-12-27T22:51:42.083805Z 0 [System] [MY-010931] [Server] K:\MyProjects\AlnProject\mysql\mysql-8.0.18-winx64\bin\mysqld.exe: ready for connections. Version: '8.0.18'  socket: ''  port: 3306  MySQL Community Server - GPL.
2019-12-27T22:51:42.308968Z 0 [System] [MY-011323] [Server] X Plugin ready for connections. Bind-address: '::' port: 33060
2019-12-27T22:51:56.887963Z 0 [ERROR] [MY-010083] [Server] --verbose is for use with --help; did you mean --log-error-verbosity?
2019-12-27T22:51:56.887983Z 0 [Warning] [MY-010915] [Server] 'NO_ZERO_DATE', 'NO_ZERO_IN_DATE' and 'ERROR_FOR_DIVISION_BY_ZERO' sql modes should be used with strict mode. They will be merged with strict mode in a future release.
2019-12-27T22:51:56.888058Z 0 [System] [MY-010116] [Server] K:\MyProjects\AlnProject\mysql\mysql-8.0.18-winx64\bin\mysqld.exe (mysqld 8.0.18) starting as process 24260
2019-12-27T22:51:58.669533Z 0 [System] [MY-010229] [Server] Starting crash recovery...
2019-12-27T22:51:58.677012Z 0 [System] [MY-010232] [Server] Crash recovery finished.
2019-12-27T22:51:59.012339Z 0 [Warning] [MY-010068] [Server] CA certificate ca.pem is self signed.
2019-12-27T22:51:59.112248Z 0 [System] [MY-010931] [Server] K:\MyProjects\AlnProject\mysql\mysql-8.0.18-winx64\bin\mysqld.exe: ready for connections. Version: '8.0.18'  socket: ''  port: 3306  MySQL Community Server - GPL.
2019-12-27T22:51:59.345432Z 0 [System] [MY-011323] [Server] X Plugin ready for connections. Bind-address: '::' port: 33060
2020-01-01T14:39:50.617992Z 0 [Warning] [MY-010915] [Server] 'NO_ZERO_DATE', 'NO_ZERO_IN_DATE' and 'ERROR_FOR_DIVISION_BY_ZERO' sql modes should be used with strict mode. They will be merged with strict mode in a future release.
2020-01-01T14:39:50.624540Z 0 [System] [MY-010116] [Server] K:\MyProjects\AlnProject\mysql\mysql-8.0.18-winx64\bin\mysqld.exe (mysqld 8.0.18) starting as process 8976
2020-01-01T14:39:53.518125Z 0 [System] [MY-010229] [Server] Starting crash recovery...
2020-01-01T14:39:53.526317Z 0 [System] [MY-010232] [Server] Crash recovery finished.
2020-01-01T14:39:54.083713Z 0 [Warning] [MY-010068] [Server] CA certificate ca.pem is self signed.
2020-01-01T14:39:54.331143Z 0 [System] [MY-010931] [Server] K:\MyProjects\AlnProject\mysql\mysql-8.0.18-winx64\bin\mysqld.exe: ready for connections. Version: '8.0.18'  socket: ''  port: 3306  MySQL Community Server - GPL.
2020-01-01T14:39:54.396973Z 0 [System] [MY-011323] [Server] X Plugin ready for connections. Bind-address: '::' port: 33060
2020-01-02T15:51:43.932002Z 0 [Warning] [MY-010915] [Server] 'NO_ZERO_DATE', 'NO_ZERO_IN_DATE' and 'ERROR_FOR_DIVISION_BY_ZERO' sql modes should be used with strict mode. They will be merged with strict mode in a future release.
2020-01-02T15:51:43.934040Z 0 [System] [MY-010116] [Server] K:\MyProjects\AlnProject\mysql\mysql-8.0.18-winx64\bin\mysqld.exe (mysqld 8.0.18) starting as process 9240
2020-01-02T15:51:46.770653Z 0 [System] [MY-010229] [Server] Starting crash recovery...
2020-01-02T15:51:46.778105Z 0 [System] [MY-010232] [Server] Crash recovery finished.
2020-01-02T15:51:47.301193Z 0 [Warning] [MY-010068] [Server] CA certificate ca.pem is self signed.
2020-01-02T15:51:47.698307Z 0 [System] [MY-010931] [Server] K:\MyProjects\AlnProject\mysql\mysql-8.0.18-winx64\bin\mysqld.exe: ready for connections. Version: '8.0.18'  socket: ''  port: 3306  MySQL Community Server - GPL.
2020-01-02T15:51:47.929592Z 0 [System] [MY-011323] [Server] X Plugin ready for connections. Bind-address: '::' port: 33060
2020-01-10T14:45:44.709185Z 0 [Warning] [MY-010915] [Server] 'NO_ZERO_DATE', 'NO_ZERO_IN_DATE' and 'ERROR_FOR_DIVISION_BY_ZERO' sql modes should be used with strict mode. They will be merged with strict mode in a future release.
2020-01-10T14:45:44.709637Z 0 [System] [MY-010116] [Server] K:\MyProjects\AlnProject\mysql\mysql-8.0.18-winx64\bin\mysqld.exe (mysqld 8.0.18) starting as process 30924
2020-01-10T14:45:47.397179Z 0 [System] [MY-010229] [Server] Starting crash recovery...
2020-01-10T14:45:47.406241Z 0 [System] [MY-010232] [Server] Crash recovery finished.
2020-01-10T14:45:47.935158Z 0 [Warning] [MY-010068] [Server] CA certificate ca.pem is self signed.
2020-01-10T14:45:47.991921Z 0 [System] [MY-010931] [Server] K:\MyProjects\AlnProject\mysql\mysql-8.0.18-winx64\bin\mysqld.exe: ready for connections. Version: '8.0.18'  socket: ''  port: 3306  MySQL Community Server - GPL.
2020-01-10T14:45:48.041548Z 0 [System] [MY-011323] [Server] X Plugin ready for connections. Bind-address: '::' port: 33060
